source/build/outputs/logs/manifest-merger-release-report.txt
-- Merging decision tree log ---
manifest
ADDED from LAMWProjects\pascalid1\AndroidManifest.xml:3:1-75:12
INJECTED from LAMWProjects\pascalid1\AndroidManifest.xml:3:1-75:12
INJECTED from LAMWProjects\pascalid1\AndroidManifest.xml:3:1-75:12
MERGED from [com.google.android.material:material:1.0.0] AndroidManifest.xml:17:1-24:12
MERGED from [androidx.appcompat:appcompat:1.2.0] AndroidManifest.xml:17:1-24:12
MERGED from [androidx.fragment:fragment:1.1.0] AndroidManifest.xml:17:1-24:12
MERGED from [androidx.appcompat:appcompat-resources:1.2.0] AndroidManifest.xml:17:1-24:12
MERGED from [androidx.recyclerview:recyclerview:1.0.0] AndroidManifest.xml:17:1-22:12
MERGED from [androidx.legacy:legacy-support-core-ui:1.0.0] AndroidManifest.xml:17:1-22:12
MERGED from [androidx.drawerlayout:drawerlayout:1.0.0] AndroidManifest.xml:17:1-22:12
MERGED from [androidx.legacy:legacy-support-core-utils:1.0.0] AndroidManifest.xml:17:1-22:12
MERGED from [androidx.transition:transition:1.0.0] AndroidManifest.xml:17:1-22:12
MERGED from [androidx.viewpager:viewpager:1.0.0] AndroidManifest.xml:17:1-22:12
MERGED from [androidx.loader:loader:1.0.0] AndroidManifest.xml:17:1-22:12
MERGED from [androidx.activity:activity:1.0.0] AndroidManifest.xml:17:1-24:12
MERGED from [androidx.vectordrawable:vectordrawable-animated:1.1.0] AndroidManifest.xml:17:1-24:12
MERGED from [androidx.vectordrawable:vectordrawable:1.1.0] AndroidManifest.xml:17:1-24:12
MERGED from [androidx.coordinatorlayout:coordinatorlayout:1.0.0] AndroidManifest.xml:17:1-22:12
MERGED from [androidx.slidingpanelayout:slidingpanelayout:1.0.0] AndroidManifest.xml:17:1-22:12
MERGED from [androidx.customview:customview:1.0.0] AndroidManifest.xml:17:1-22:12
MERGED from [androidx.swiperefreshlayout:swiperefreshlayout:1.0.0] AndroidManifest.xml:17:1-22:12
MERGED from [androidx.asynclayoutinflater:asynclayoutinflater:1.0.0] AndroidManifest.xml:17:1-22:12
MERGED from [androidx.core:core:1.3.0] AndroidManifest.xml:17:1-26:12
MERGED from [androidx.cursoradapter:cursoradapter:1.0.0] AndroidManifest.xml:17:1-22:12
MERGED from [androidx.cardview:cardview:1.0.0] AndroidManifest.xml:17:1-22:12
MERGED from [androidx.versionedparcelable:versionedparcelable:1.1.0] AndroidManifest.xml:17:1-27:12
MERGED from [androidx.interpolator:interpolator:1.0.0] AndroidManifest.xml:17:1-22:12
MERGED from [androidx.documentfile:documentfile:1.0.0] AndroidManifest.xml:17:1-22:12
MERGED from [androidx.localbroadcastmanager:localbroadcastmanager:1.0.0] AndroidManifest.xml:17:1-22:12
MERGED from [androidx.print:print:1.0.0] AndroidManifest.xml:17:1-22:12
MERGED from [androidx.lifecycle:lifecycle-runtime:2.1.0] AndroidManifest.xml:17:1-22:12
MERGED from [androidx.lifecycle:lifecycle-viewmodel:2.1.0] AndroidManifest.xml:17:1-22:12
MERGED from [androidx.savedstate:savedstate:1.0.0] AndroidManifest.xml:17:1-24:12
MERGED from [androidx.lifecycle:lifecycle-livedata:2.0.0] AndroidManifest.xml:17:1-22:12
MERGED from [androidx.lifecycle:lifecycle-livedata-core:2.0.0] AndroidManifest.xml:17:1-22:12
MERGED from [androidx.arch.core:core-runtime:2.0.0] AndroidManifest.xml:17:1-22:12
INJECTED from LAMWProjects\pascalid1\AndroidManifest.xml:3:1-75:12
INJECTED from LAMWProjects\pascalid1\AndroidManifest.xml:3:1-75:12
	package
		ADDED from LAMWProjects\pascalid1\AndroidManifest.xml:4:5-33
	android:versionName
		ADDED from LAMWProjects\pascalid1\AndroidManifest.xml:6:5-30
		INJECTED from LAMWProjects\pascalid1\AndroidManifest.xml
		INJECTED from LAMWProjects\pascalid1\AndroidManifest.xml
	xmlns:tools
		ADDED from LAMWProjects\pascalid1\AndroidManifest.xml:3:70-116
	xmlns:android
		ADDED from LAMWProjects\pascalid1\AndroidManifest.xml:3:11-69
	android:versionCode
		ADDED from LAMWProjects\pascalid1\AndroidManifest.xml:5:5-28
		INJECTED from LAMWProjects\pascalid1\AndroidManifest.xml
		INJECTED from LAMWProjects\pascalid1\AndroidManifest.xml
uses-sdk
ADDED from LAMWProjects\pascalid1\AndroidManifest.xml:8:5-73
INJECTED from LAMWProjects\pascalid1\AndroidManifest.xml:8:5-73
INJECTED from LAMWProjects\pascalid1\AndroidManifest.xml:8:5-73
MERGED from [com.google.android.material:material:1.0.0] AndroidManifest.xml:20:5-44
MERGED from [com.google.android.material:material:1.0.0] AndroidManifest.xml:20:5-44
MERGED from [androidx.appcompat:appcompat:1.2.0] AndroidManifest.xml:20:5-22:41
MERGED from [androidx.appcompat:appcompat:1.2.0] AndroidManifest.xml:20:5-22:41
MERGED from [androidx.fragment:fragment:1.1.0] AndroidManifest.xml:20:5-22:41
MERGED from [androidx.fragment:fragment:1.1.0] AndroidManifest.xml:20:5-22:41
MERGED from [androidx.appcompat:appcompat-resources:1.2.0] AndroidManifest.xml:20:5-22:41
MERGED from [androidx.appcompat:appcompat-resources:1.2.0] AndroidManifest.xml:20:5-22:41
MERGED from [androidx.recyclerview:recyclerview:1.0.0] AndroidManifest.xml:20:5-44
MERGED from [androidx.recyclerview:recyclerview:1.0.0] AndroidManifest.xml:20:5-44
MERGED from [androidx.legacy:legacy-support-core-ui:1.0.0] AndroidManifest.xml:20:5-44
MERGED from [androidx.legacy:legacy-support-core-ui:1.0.0] AndroidManifest.xml:20:5-44
MERGED from [androidx.drawerlayout:drawerlayout:1.0.0] AndroidManifest.xml:20:5-44
MERGED from [androidx.drawerlayout:drawerlayout:1.0.0] AndroidManifest.xml:20:5-44
MERGED from [androidx.legacy:legacy-support-core-utils:1.0.0] AndroidManifest.xml:20:5-44
MERGED from [androidx.legacy:legacy-support-core-utils:1.0.0] AndroidManifest.xml:20:5-44
MERGED from [androidx.transition:transition:1.0.0] AndroidManifest.xml:20:5-44
MERGED from [androidx.transition:transition:1.0.0] AndroidManifest.xml:20:5-44
MERGED from [androidx.viewpager:viewpager:1.0.0] AndroidManifest.xml:20:5-44
MERGED from [androidx.viewpager:viewpager:1.0.0] AndroidManifest.xml:20:5-44
MERGED from [androidx.loader:loader:1.0.0] AndroidManifest.xml:20:5-44
MERGED from [androidx.loader:loader:1.0.0] AndroidManifest.xml:20:5-44
MERGED from [androidx.activity:activity:1.0.0] AndroidManifest.xml:20:5-22:41
MERGED from [androidx.activity:activity:1.0.0] AndroidManifest.xml:20:5-22:41
MERGED from [androidx.vectordrawable:vectordrawable-animated:1.1.0] AndroidManifest.xml:20:5-22:41
MERGED from [androidx.vectordrawable:vectordrawable-animated:1.1.0] AndroidManifest.xml:20:5-22:41
MERGED from [androidx.vectordrawable:vectordrawable:1.1.0] AndroidManifest.xml:20:5-22:41
MERGED from [androidx.vectordrawable:vectordrawable:1.1.0] AndroidManifest.xml:20:5-22:41
MERGED from [androidx.coordinatorlayout:coordinatorlayout:1.0.0] AndroidManifest.xml:20:5-44
MERGED from [androidx.coordinatorlayout:coordinatorlayout:1.0.0] AndroidManifest.xml:20:5-44
MERGED from [androidx.slidingpanelayout:slidingpanelayout:1.0.0] AndroidManifest.xml:20:5-44
MERGED from [androidx.slidingpanelayout:slidingpanelayout:1.0.0] AndroidManifest.xml:20:5-44
MERGED from [androidx.customview:customview:1.0.0] AndroidManifest.xml:20:5-44
MERGED from [androidx.customview:customview:1.0.0] AndroidManifest.xml:20:5-44
MERGED from [androidx.swiperefreshlayout:swiperefreshlayout:1.0.0] AndroidManifest.xml:20:5-44
MERGED from [androidx.swiperefreshlayout:swiperefreshlayout:1.0.0] AndroidManifest.xml:20:5-44
MERGED from [androidx.asynclayoutinflater:asynclayoutinflater:1.0.0] AndroidManifest.xml:20:5-44
MERGED from [androidx.asynclayoutinflater:asynclayoutinflater:1.0.0] AndroidManifest.xml:20:5-44
MERGED from [androidx.core:core:1.3.0] AndroidManifest.xml:20:5-22:41
MERGED from [androidx.core:core:1.3.0] AndroidManifest.xml:20:5-22:41
MERGED from [androidx.cursoradapter:cursoradapter:1.0.0] AndroidManifest.xml:20:5-44
MERGED from [androidx.cursoradapter:cursoradapter:1.0.0] AndroidManifest.xml:20:5-44
MERGED from [androidx.cardview:cardview:1.0.0] AndroidManifest.xml:20:5-44
MERGED from [androidx.cardview:cardview:1.0.0] AndroidManifest.xml:20:5-44
MERGED from [androidx.versionedparcelable:versionedparcelable:1.1.0] AndroidManifest.xml:20:5-22:41
MERGED from [androidx.versionedparcelable:versionedparcelable:1.1.0] AndroidManifest.xml:20:5-22:41
MERGED from [androidx.interpolator:interpolator:1.0.0] AndroidManifest.xml:20:5-44
MERGED from [androidx.interpolator:interpolator:1.0.0] AndroidManifest.xml:20:5-44
MERGED from [androidx.documentfile:documentfile:1.0.0] AndroidManifest.xml:20:5-44
MERGED from [androidx.documentfile:documentfile:1.0.0] AndroidManifest.xml:20:5-44
MERGED from [androidx.localbroadcastmanager:localbroadcastmanager:1.0.0] AndroidManifest.xml:20:5-44
MERGED from [androidx.localbroadcastmanager:localbroadcastmanager:1.0.0] AndroidManifest.xml:20:5-44
MERGED from [androidx.print:print:1.0.0] AndroidManifest.xml:20:5-44
MERGED from [androidx.print:print:1.0.0] AndroidManifest.xml:20:5-44
MERGED from [androidx.lifecycle:lifecycle-runtime:2.1.0] AndroidManifest.xml:20:5-44
MERGED from [androidx.lifecycle:lifecycle-runtime:2.1.0] AndroidManifest.xml:20:5-44
MERGED from [androidx.lifecycle:lifecycle-viewmodel:2.1.0] AndroidManifest.xml:20:5-44
MERGED from [androidx.lifecycle:lifecycle-viewmodel:2.1.0] AndroidManifest.xml:20:5-44
MERGED from [androidx.savedstate:savedstate:1.0.0] AndroidManifest.xml:20:5-22:41
MERGED from [androidx.savedstate:savedstate:1.0.0] AndroidManifest.xml:20:5-22:41
MERGED from [androidx.lifecycle:lifecycle-livedata:2.0.0] AndroidManifest.xml:20:5-44
MERGED from [androidx.lifecycle:lifecycle-livedata:2.0.0] AndroidManifest.xml:20:5-44
MERGED from [androidx.lifecycle:lifecycle-livedata-core:2.0.0] AndroidManifest.xml:20:5-44
MERGED from [androidx.lifecycle:lifecycle-livedata-core:2.0.0] AndroidManifest.xml:20:5-44
MERGED from [androidx.arch.core:core-runtime:2.0.0] AndroidManifest.xml:20:5-44
MERGED from [androidx.arch.core:core-runtime:2.0.0] AndroidManifest.xml:20:5-44
INJECTED from LAMWProjects\pascalid1\AndroidManifest.xml:8:5-73
INJECTED from LAMWProjects\pascalid1\AndroidManifest.xml:8:5-73
	android:targetSdkVersion
		ADDED from LAMWProjects\pascalid1\AndroidManifest.xml:8:42-71
		INJECTED from LAMWProjects\pascalid1\AndroidManifest.xml
		INJECTED from LAMWProjects\pascalid1\AndroidManifest.xml
	android:minSdkVersion
		ADDED from LAMWProjects\pascalid1\AndroidManifest.xml:8:15-41
		INJECTED from LAMWProjects\pascalid1\AndroidManifest.xml
		INJECTED from LAMWProjects\pascalid1\AndroidManifest.xml
uses-permission#android.permission.NFC
ADDED from LAMWProjects\pascalid1\AndroidManifest.xml:10:5-61
	android:name
		ADDED from LAMWProjects\pascalid1\AndroidManifest.xml:10:22-59
uses-permission#android.permission.CALL_PHONE
ADDED from LAMWProjects\pascalid1\AndroidManifest.xml:11:5-68
	android:name
		ADDED from LAMWProjects\pascalid1\AndroidManifest.xml:11:22-66
uses-permission#android.permission.MODIFY_AUDIO_SETTINGS
ADDED from LAMWProjects\pascalid1\AndroidManifest.xml:12:5-79
	android:name
		ADDED from LAMWProjects\pascalid1\AndroidManifest.xml:12:22-77
uses-permission#android.permission.READ_PHONE_STATE
ADDED from LAMWProjects\pascalid1\AndroidManifest.xml:13:5-74
	android:name
		ADDED from LAMWProjects\pascalid1\AndroidManifest.xml:13:22-72
uses-permission#android.permission.READ_PRIVILEGED_PHONE_STATE
ADDED from LAMWProjects\pascalid1\AndroidManifest.xml:14:5-85
	android:name
		ADDED from LAMWProjects\pascalid1\AndroidManifest.xml:14:22-83
uses-permission#android.permission.ACCESS_FINE_LOCATION
ADDED from LAMWProjects\pascalid1\AndroidManifest.xml:15:5-78
	android:name
		ADDED from LAMWProjects\pascalid1\AndroidManifest.xml:15:22-76
uses-permission#android.permission.ACCESS_COARSE_LOCATION
ADDED from LAMWProjects\pascalid1\AndroidManifest.xml:16:5-80
	android:name
		ADDED from LAMWProjects\pascalid1\AndroidManifest.xml:16:22-78
uses-permission#android.permission.CHANGE_WIFI_STATE
ADDED from LAMWProjects\pascalid1\AndroidManifest.xml:17:5-75
	android:name
		ADDED from LAMWProjects\pascalid1\AndroidManifest.xml:17:22-73
uses-permission#android.permission.ACCESS_WIFI_STATE
ADDED from LAMWProjects\pascalid1\AndroidManifest.xml:18:5-75
	android:name
		ADDED from LAMWProjects\pascalid1\AndroidManifest.xml:18:22-73
uses-permission#android.permission.ACCESS_NETWORK_STATE
ADDED from LAMWProjects\pascalid1\AndroidManifest.xml:19:5-78
	android:name
		ADDED from LAMWProjects\pascalid1\AndroidManifest.xml:19:22-76
uses-permission#android.permission.INTERNET
ADDED from LAMWProjects\pascalid1\AndroidManifest.xml:20:5-66
	android:name
		ADDED from LAMWProjects\pascalid1\AndroidManifest.xml:20:22-64
uses-permission#android.permission.WRITE_EXTERNAL_STORAGE
ADDED from LAMWProjects\pascalid1\AndroidManifest.xml:21:5-80
	android:name
		ADDED from LAMWProjects\pascalid1\AndroidManifest.xml:21:22-78
uses-permission#android.permission.READ_EXTERNAL_STORAGE
ADDED from LAMWProjects\pascalid1\AndroidManifest.xml:22:5-79
	android:name
		ADDED from LAMWProjects\pascalid1\AndroidManifest.xml:22:22-77
uses-permission#android.permission.WRITE_OWNER_DATA
ADDED from LAMWProjects\pascalid1\AndroidManifest.xml:23:5-74
	android:name
		ADDED from LAMWProjects\pascalid1\AndroidManifest.xml:23:22-72
uses-permission#android.permission.READ_OWNER_DATA
ADDED from LAMWProjects\pascalid1\AndroidManifest.xml:24:5-73
	android:name
		ADDED from LAMWProjects\pascalid1\AndroidManifest.xml:24:22-71
uses-permission#android.permission.READ_CONTACTS
ADDED from LAMWProjects\pascalid1\AndroidManifest.xml:25:5-71
	android:name
		ADDED from LAMWProjects\pascalid1\AndroidManifest.xml:25:22-69
uses-permission#android.permission.WRITE_CONTACTS
ADDED from LAMWProjects\pascalid1\AndroidManifest.xml:26:5-72
	android:name
		ADDED from LAMWProjects\pascalid1\AndroidManifest.xml:26:22-70
uses-permission#android.permission.SEND_SMS
ADDED from LAMWProjects\pascalid1\AndroidManifest.xml:27:5-66
	android:name
		ADDED from LAMWProjects\pascalid1\AndroidManifest.xml:27:22-64
uses-permission#android.permission.READ_SMS
ADDED from LAMWProjects\pascalid1\AndroidManifest.xml:28:5-66
	android:name
		ADDED from LAMWProjects\pascalid1\AndroidManifest.xml:28:22-64
uses-permission#android.permission.RECEIVE_SMS
ADDED from LAMWProjects\pascalid1\AndroidManifest.xml:29:5-69
	android:name
		ADDED from LAMWProjects\pascalid1\AndroidManifest.xml:29:22-67
uses-permission#android.permission.CAMERA
ADDED from LAMWProjects\pascalid1\AndroidManifest.xml:30:5-64
	android:name
		ADDED from LAMWProjects\pascalid1\AndroidManifest.xml:30:22-62
uses-permission#android.permission.ACCESS_BLUETOOTH_SHARE
ADDED from LAMWProjects\pascalid1\AndroidManifest.xml:31:5-80
	android:name
		ADDED from LAMWProjects\pascalid1\AndroidManifest.xml:31:22-78
uses-permission#android.permission.BLUETOOTH
ADDED from LAMWProjects\pascalid1\AndroidManifest.xml:32:5-67
	android:name
		ADDED from LAMWProjects\pascalid1\AndroidManifest.xml:32:22-65
uses-permission#android.permission.BLUETOOTH_ADMIN
ADDED from LAMWProjects\pascalid1\AndroidManifest.xml:33:5-73
	android:name
		ADDED from LAMWProjects\pascalid1\AndroidManifest.xml:33:22-71
uses-permission#android.permission.VIBRATE
ADDED from LAMWProjects\pascalid1\AndroidManifest.xml:34:5-65
	android:name
		ADDED from LAMWProjects\pascalid1\AndroidManifest.xml:34:22-63
uses-permission#android.permission.WAKE_LOCK
ADDED from LAMWProjects\pascalid1\AndroidManifest.xml:35:5-67
	android:name
		ADDED from LAMWProjects\pascalid1\AndroidManifest.xml:35:22-65
uses-permission#android.permission.CHANGE_NETWORK_STATE
ADDED from LAMWProjects\pascalid1\AndroidManifest.xml:36:5-78
	android:name
		ADDED from LAMWProjects\pascalid1\AndroidManifest.xml:36:22-76
uses-permission#android.permission.GET_TASKS
ADDED from LAMWProjects\pascalid1\AndroidManifest.xml:37:5-67
	android:name
		ADDED from LAMWProjects\pascalid1\AndroidManifest.xml:37:22-65
uses-permission#android.permission.REORDER_TASKS
ADDED from LAMWProjects\pascalid1\AndroidManifest.xml:38:5-71
	android:name
		ADDED from LAMWProjects\pascalid1\AndroidManifest.xml:38:22-69
uses-permission#android.permission.QUERY_ALL_PACKAGES
ADDED from LAMWProjects\pascalid1\AndroidManifest.xml:39:5-76
	android:name
		ADDED from LAMWProjects\pascalid1\AndroidManifest.xml:39:22-74
uses-permission#android.permission.PACKAGE_USAGE_STATS
ADDED from LAMWProjects\pascalid1\AndroidManifest.xml:40:5-112
	tools:ignore
		ADDED from LAMWProjects\pascalid1\AndroidManifest.xml:40:76-110
	android:name
		ADDED from LAMWProjects\pascalid1\AndroidManifest.xml:40:22-75
permission#android.permission.PACKAGE_USAGE_STATS
ADDED from LAMWProjects\pascalid1\AndroidManifest.xml:41:5-108
	android:protectionLevel
		ADDED from LAMWProjects\pascalid1\AndroidManifest.xml:41:71-106
	android:name
		ADDED from LAMWProjects\pascalid1\AndroidManifest.xml:41:17-70
uses-feature#android.hardware.camera
ADDED from LAMWProjects\pascalid1\AndroidManifest.xml:43:5-84
	android:required
		ADDED from LAMWProjects\pascalid1\AndroidManifest.xml:43:58-82
	android:name
		ADDED from LAMWProjects\pascalid1\AndroidManifest.xml:43:19-57
uses-feature#android.hardware.camera.flash
ADDED from LAMWProjects\pascalid1\AndroidManifest.xml:44:5-90
	android:required
		ADDED from LAMWProjects\pascalid1\AndroidManifest.xml:44:64-88
	android:name
		ADDED from LAMWProjects\pascalid1\AndroidManifest.xml:44:19-63
uses-feature#android.hardware.camera.autofocus
ADDED from LAMWProjects\pascalid1\AndroidManifest.xml:45:5-94
	android:required
		ADDED from LAMWProjects\pascalid1\AndroidManifest.xml:45:68-92
	android:name
		ADDED from LAMWProjects\pascalid1\AndroidManifest.xml:45:19-67
uses-feature#0x00020000
ADDED from LAMWProjects\pascalid1\AndroidManifest.xml:47:5-77
	android:glEsVersion
		ADDED from LAMWProjects\pascalid1\AndroidManifest.xml:47:19-51
	android:required
		ADDED from LAMWProjects\pascalid1\AndroidManifest.xml:47:52-75
uses-feature#android.hardware.telephony
ADDED from LAMWProjects\pascalid1\AndroidManifest.xml:48:5-87
	android:required
		ADDED from LAMWProjects\pascalid1\AndroidManifest.xml:48:61-85
	android:name
		ADDED from LAMWProjects\pascalid1\AndroidManifest.xml:48:19-60
uses-feature#android.hardware.sensor.stepcounter
ADDED from LAMWProjects\pascalid1\AndroidManifest.xml:49:5-96
	android:required
		ADDED from LAMWProjects\pascalid1\AndroidManifest.xml:49:70-94
	android:name
		ADDED from LAMWProjects\pascalid1\AndroidManifest.xml:49:19-69
uses-feature#android.hardware.sensor.stepdetector
ADDED from LAMWProjects\pascalid1\AndroidManifest.xml:50:5-97
	android:required
		ADDED from LAMWProjects\pascalid1\AndroidManifest.xml:50:71-95
	android:name
		ADDED from LAMWProjects\pascalid1\AndroidManifest.xml:50:19-70
supports-screens
ADDED from LAMWProjects\pascalid1\AndroidManifest.xml:52:5-55:46
	android:largeScreens
		ADDED from LAMWProjects\pascalid1\AndroidManifest.xml:54:19-46
	android:smallScreens
		ADDED from LAMWProjects\pascalid1\AndroidManifest.xml:52:23-50
	android:normalScreens
		ADDED from LAMWProjects\pascalid1\AndroidManifest.xml:53:19-47
	android:anyDensity
		ADDED from LAMWProjects\pascalid1\AndroidManifest.xml:55:19-44
application
ADDED from LAMWProjects\pascalid1\AndroidManifest.xml:56:5-74:19
MERGED from [com.google.android.material:material:1.0.0] AndroidManifest.xml:22:5-20
MERGED from [com.google.android.material:material:1.0.0] AndroidManifest.xml:22:5-20
MERGED from [androidx.core:core:1.3.0] AndroidManifest.xml:24:5-89
MERGED from [androidx.core:core:1.3.0] AndroidManifest.xml:24:5-89
MERGED from [androidx.versionedparcelable:versionedparcelable:1.1.0] AndroidManifest.xml:24:5-25:19
MERGED from [androidx.versionedparcelable:versionedparcelable:1.1.0] AndroidManifest.xml:24:5-25:19
	android:appComponentFactory
		ADDED from [androidx.core:core:1.3.0] AndroidManifest.xml:24:18-86
	android:label
		ADDED from LAMWProjects\pascalid1\AndroidManifest.xml:60:9-41
	android:icon
		ADDED from LAMWProjects\pascalid1\AndroidManifest.xml:59:9-45
	android:allowBackup
		ADDED from LAMWProjects\pascalid1\AndroidManifest.xml:58:9-35
	android:theme
		ADDED from LAMWProjects\pascalid1\AndroidManifest.xml:61:9-40
	android:usesCleartextTraffic
		ADDED from LAMWProjects\pascalid1\AndroidManifest.xml:57:2-37
activity#org.lamw.pascalid1.App
ADDED from LAMWProjects\pascalid1\AndroidManifest.xml:62:9-71:20
	android:enabled
		ADDED from LAMWProjects\pascalid1\AndroidManifest.xml:66:36-58
	android:label
		ADDED from LAMWProjects\pascalid1\AndroidManifest.xml:64:13-45
	android:launchMode
		ADDED from LAMWProjects\pascalid1\AndroidManifest.xml:66:6-35
	android:configChanges
		ADDED from LAMWProjects\pascalid1\AndroidManifest.xml:65:13-97
	android:name
		ADDED from LAMWProjects\pascalid1\AndroidManifest.xml:63:13-50
intent-filter#action:name:android.intent.action.MAIN+category:name:android.intent.category.LAUNCHER
ADDED from LAMWProjects\pascalid1\AndroidManifest.xml:67:13-70:29
action#android.intent.action.MAIN
ADDED from LAMWProjects\pascalid1\AndroidManifest.xml:68:17-68
	android:name
		ADDED from LAMWProjects\pascalid1\AndroidManifest.xml:68:25-66
category#android.intent.category.LAUNCHER
ADDED from LAMWProjects\pascalid1\AndroidManifest.xml:69:17-76
	android:name
		ADDED from LAMWProjects\pascalid1\AndroidManifest.xml:69:27-74
provider#androidx.core.content.FileProvider
ADDED from LAMWProjects\pascalid1\AndroidManifest.xml:72:1-296
	android:grantUriPermissions
		ADDED from LAMWProjects\pascalid1\AndroidManifest.xml:72:140-174
	android:authorities
		ADDED from LAMWProjects\pascalid1\AndroidManifest.xml:72:61-114
	android:exported
		ADDED from LAMWProjects\pascalid1\AndroidManifest.xml:72:115-139
	android:name
		ADDED from LAMWProjects\pascalid1\AndroidManifest.xml:72:11-60
meta-data#android.support.FILE_PROVIDER_PATHS
ADDED from LAMWProjects\pascalid1\AndroidManifest.xml:72:175-285
	android:resource
		ADDED from LAMWProjects\pascalid1\AndroidManifest.xml:72:237-283
	android:name
		ADDED from LAMWProjects\pascalid1\AndroidManifest.xml:72:186-236